TN:
SF:server.js
FN:14,getIPAddress
FN:35,getPreferredLanguage
FN:48,getSoftware
FN:72,(anonymous_3)
FN:88,(anonymous_4)
FN:93,(anonymous_5)
FN:98,(anonymous_6)
FN:104,(anonymous_7)
FN:109,(anonymous_8)
FNF:9
FNH:6
FNDA:15,getIPAddress
FNDA:15,getPreferredLanguage
FNDA:15,getSoftware
FNDA:15,(anonymous_3)
FNDA:0,(anonymous_4)
FNDA:1,(anonymous_5)
FNDA:0,(anonymous_6)
FNDA:1,(anonymous_7)
FNDA:0,(anonymous_8)
DA:1,1
DA:2,1
DA:3,1
DA:5,1
DA:6,1
DA:9,1
DA:10,1
DA:11,1
DA:16,15
DA:17,15
DA:18,2
DA:22,13
DA:23,13
DA:24,1
DA:28,12
DA:36,15
DA:37,15
DA:38,13
DA:42,2
DA:43,2
DA:44,2
DA:49,15
DA:50,15
DA:51,11
DA:56,4
DA:57,1
DA:58,3
DA:59,1
DA:60,2
DA:61,1
DA:62,1
DA:63,0
DA:64,1
DA:65,0
DA:67,1
DA:72,1
DA:73,15
DA:74,15
DA:80,15
DA:82,0
DA:83,0
DA:88,1
DA:89,0
DA:93,1
DA:94,1
DA:98,1
DA:99,0
DA:100,0
DA:104,1
DA:105,1
DA:109,1
DA:110,0
DA:111,0
DA:112,0
DA:115,1
LF:55
LH:45
BRDA:6,0,0,1
BRDA:6,0,1,1
BRDA:17,1,0,2
BRDA:17,1,1,13
BRDA:23,2,0,1
BRDA:23,2,1,12
BRDA:28,3,0,12
BRDA:28,3,1,0
BRDA:28,3,2,0
BRDA:28,3,3,0
BRDA:37,4,0,13
BRDA:37,4,1,2
BRDA:50,5,0,11
BRDA:50,5,1,4
BRDA:56,6,0,1
BRDA:56,6,1,3
BRDA:58,7,0,1
BRDA:58,7,1,2
BRDA:60,8,0,1
BRDA:60,8,1,1
BRDA:62,9,0,0
BRDA:62,9,1,1
BRDA:64,10,0,0
BRDA:64,10,1,1
BRDA:67,11,0,1
BRDA:67,11,1,0
BRF:26
BRH:20
end_of_record
