TN:
SF:server.js
FN:14,getIPAddress
FN:35,getPreferredLanguage
FN:48,getSoftware
FN:74,(anonymous_3)
FN:90,(anonymous_4)
FN:95,(anonymous_5)
FN:100,(anonymous_6)
FN:106,(anonymous_7)
FN:112,(anonymous_8)
FNF:9
FNH:6
FNDA:15,getIPAddress
FNDA:15,getPreferredLanguage
FNDA:15,getSoftware
FNDA:15,(anonymous_3)
FNDA:0,(anonymous_4)
FNDA:1,(anonymous_5)
FNDA:0,(anonymous_6)
FNDA:1,(anonymous_7)
FNDA:0,(anonymous_8)
DA:1,1
DA:2,1
DA:3,1
DA:5,1
DA:6,1
DA:9,1
DA:10,1
DA:11,1
DA:16,15
DA:17,15
DA:18,2
DA:22,13
DA:23,13
DA:24,1
DA:28,12
DA:36,15
DA:37,15
DA:38,13
DA:42,2
DA:43,2
DA:44,2
DA:49,15
DA:50,15
DA:51,11
DA:56,4
DA:57,1
DA:58,3
DA:59,1
DA:60,2
DA:61,1
DA:62,1
DA:63,0
DA:64,1
DA:65,0
DA:67,1
DA:69,1
DA:74,1
DA:75,15
DA:76,15
DA:82,15
DA:84,0
DA:85,0
DA:90,1
DA:91,0
DA:95,1
DA:96,1
DA:100,1
DA:101,0
DA:102,0
DA:106,1
DA:107,1
DA:111,1
DA:112,0
DA:113,0
DA:114,0
DA:115,0
DA:119,1
LF:57
LH:46
BRDA:6,0,0,1
BRDA:6,0,1,1
BRDA:17,1,0,2
BRDA:17,1,1,13
BRDA:23,2,0,1
BRDA:23,2,1,12
BRDA:28,3,0,12
BRDA:28,3,1,0
BRDA:28,3,2,0
BRDA:28,3,3,0
BRDA:37,4,0,13
BRDA:37,4,1,2
BRDA:50,5,0,11
BRDA:50,5,1,4
BRDA:56,6,0,1
BRDA:56,6,1,3
BRDA:58,7,0,1
BRDA:58,7,1,2
BRDA:60,8,0,1
BRDA:60,8,1,1
BRDA:62,9,0,0
BRDA:62,9,1,1
BRDA:64,10,0,0
BRDA:64,10,1,1
BRDA:69,11,0,1
BRDA:69,11,1,0
BRDA:111,12,0,0
BRDA:111,12,1,1
BRF:28
BRH:21
end_of_record
TN:
SF:netlify\functions\whoami.js
FN:1,(anonymous_0)
FN:21,getIPAddress
FN:51,getPreferredLanguage
FN:64,getSoftware
FNF:4
FNH:4
FNDA:5,(anonymous_0)
FNDA:4,getIPAddress
FNDA:4,getPreferredLanguage
FNDA:4,getSoftware
DA:1,1
DA:3,5
DA:11,5
DA:12,1
DA:19,4
DA:23,4
DA:24,4
DA:25,2
DA:29,2
DA:30,2
DA:31,0
DA:35,2
DA:36,2
DA:37,0
DA:41,2
DA:42,2
DA:43,0
DA:47,2
DA:52,4
DA:53,4
DA:54,0
DA:58,4
DA:59,4
DA:60,4
DA:65,4
DA:66,4
DA:67,0
DA:71,4
DA:72,4
DA:73,0
DA:74,0
DA:75,0
DA:76,0
DA:77,0
DA:78,0
DA:79,0
DA:80,0
DA:82,0
DA:84,0
DA:89,4
DA:95,4
DA:102,0
DA:103,0
LF:43
LH:26
BRDA:11,0,0,1
BRDA:11,0,1,4
BRDA:24,1,0,2
BRDA:24,1,1,2
BRDA:30,2,0,0
BRDA:30,2,1,2
BRDA:36,3,0,0
BRDA:36,3,1,2
BRDA:42,4,0,0
BRDA:42,4,1,2
BRDA:53,5,0,0
BRDA:53,5,1,4
BRDA:66,6,0,0
BRDA:66,6,1,4
BRDA:71,7,0,4
BRDA:71,7,1,0
BRDA:73,8,0,0
BRDA:73,8,1,0
BRDA:75,9,0,0
BRDA:75,9,1,0
BRDA:77,10,0,0
BRDA:77,10,1,0
BRDA:79,11,0,0
BRDA:79,11,1,0
BRDA:84,12,0,0
BRDA:84,12,1,0
BRF:26
BRH:10
end_of_record
